<?xml version="1.0" encoding="UTF-8"?>
<!-- Generated by org.testng.reporters.JUnitReportReporter -->
<testsuite hostname="Chirumamilla-Bhargavs-MacBook-Pro.local" name="com.kristal.cucumber.runner.CucumberTest" tests="1" failures="0" timestamp="9 Oct 2020 11:49:08 GMT" time="3.478" errors="0">
  <testcase name="login" time="3.478" classname="com.kristal.cucumber.runner.CucumberTest"/>
</testsuite> <!-- com.kristal.cucumber.runner.CucumberTest -->
